<?xml version="1.0" encoding="UTF-8"?>
<!-- Generated by org.testng.reporters.JUnitReportReporter -->
<testsuite skipped="0" hostname="ip-172-31-19-55" name="com.swiggy.testscripts.TestRunner" tests="1" failures="0" timestamp="2021-12-23T04:27:27 UTC" time="0.184" errors="0">
  <testcase name="runScenario" time="0.184" classname="com.swiggy.testscripts.TestRunner"/>
  <system-out/>
</testsuite> <!-- com.swiggy.testscripts.TestRunner -->
